[29-Jun-2026 21:26:58 Europe/Berlin] AuditoriaController — PDOException: SQLSTATE[42S22]: Column not found: 1054 Unknown column 'b.fecha' in 'field list'
[29-Jun-2026 21:29:55 Europe/Berlin] AuditoriaController — PDOException: SQLSTATE[42S22]: Column not found: 1054 Unknown column 'b.fecha' in 'field list'
[30-Jun-2026 00:35:24 Europe/Berlin] DashboardController [crear_ruta]: SQLSTATE[23000]: Integrity constraint violation: 1062 Duplicate entry '/pelos' for key 'uri'
[30-Jun-2026 01:38:53 Europe/Berlin] AuditoriaController — PDOException: SQLSTATE[42S22]: Column not found: 1054 Unknown column 'b.fecha' in 'field list'
[02-Jul-2026 17:43:53 Europe/Berlin] AuditoriaController — PDOException: SQLSTATE[42S22]: Column not found: 1054 Unknown column 'b.fecha' in 'field list'
[02-Jul-2026 18:07:40 Europe/Berlin] AuditoriaController — PDOException: SQLSTATE[42S22]: Column not found: 1054 Unknown column 'b.fecha' in 'field list'
[02-Jul-2026 18:08:48 Europe/Berlin] AuditoriaController — PDOException: SQLSTATE[42S22]: Column not found: 1054 Unknown column 'b.fecha' in 'field list'
[02-Jul-2026 18:12:45 Europe/Berlin] AuditoriaController — PDOException: SQLSTATE[42S22]: Column not found: 1054 Unknown column 'b.fecha' in 'field list'
[02-Jul-2026 18:12:49 Europe/Berlin] AuditoriaController — PDOException: SQLSTATE[42S22]: Column not found: 1054 Unknown column 'b.fecha' in 'field list'
[02-Jul-2026 18:12:51 Europe/Berlin] AuditoriaController — PDOException: SQLSTATE[42S22]: Column not found: 1054 Unknown column 'b.fecha' in 'field list'
[02-Jul-2026 18:12:53 Europe/Berlin] AuditoriaController — PDOException: SQLSTATE[42S22]: Column not found: 1054 Unknown column 'b.fecha' in 'field list'
[02-Jul-2026 18:13:03 Europe/Berlin] AuditoriaController — PDOException: SQLSTATE[42S22]: Column not found: 1054 Unknown column 'b.fecha' in 'field list'
[02-Jul-2026 18:23:53 Europe/Berlin] AuditoriaController — PDOException: SQLSTATE[42S22]: Column not found: 1054 Unknown column 'b.fecha' in 'field list'
[02-Jul-2026 18:23:56 Europe/Berlin] AuditoriaController — PDOException: SQLSTATE[42S22]: Column not found: 1054 Unknown column 'b.fecha' in 'field list'
[02-Jul-2026 18:24:05 Europe/Berlin] AuditoriaController — PDOException: SQLSTATE[42S22]: Column not found: 1054 Unknown column 'b.fecha' in 'field list'
[02-Jul-2026 18:25:15 Europe/Berlin] AuditoriaController — PDOException: SQLSTATE[42S22]: Column not found: 1054 Unknown column 'b.fecha' in 'field list'
[02-Jul-2026 18:25:18 Europe/Berlin] AuditoriaController — PDOException: SQLSTATE[42S22]: Column not found: 1054 Unknown column 'b.fecha' in 'field list'
[02-Jul-2026 18:26:00 Europe/Berlin] AuditoriaController — PDOException: SQLSTATE[42S22]: Column not found: 1054 Unknown column 'b.fecha' in 'field list'
[02-Jul-2026 18:44:12 Europe/Berlin] AuditoriaController — PDOException: SQLSTATE[42S22]: Column not found: 1054 Unknown column 'b.fecha' in 'field list'
[02-Jul-2026 18:59:38 Europe/Berlin] AuditoriaController — PDOException: SQLSTATE[42S22]: Column not found: 1054 Unknown column 'b.fecha' in 'field list'
[02-Jul-2026 18:59:39 Europe/Berlin] AuditoriaController — PDOException: SQLSTATE[42S22]: Column not found: 1054 Unknown column 'b.fecha' in 'field list'
[02-Jul-2026 18:59:40 Europe/Berlin] AuditoriaController — PDOException: SQLSTATE[42S22]: Column not found: 1054 Unknown column 'b.fecha' in 'field list'
[02-Jul-2026 19:02:29 Europe/Berlin] AuditoriaController — PDOException: SQLSTATE[42S22]: Column not found: 1054 Unknown column 'b.fecha' in 'field list'
[02-Jul-2026 19:02:30 Europe/Berlin] AuditoriaController — PDOException: SQLSTATE[42S22]: Column not found: 1054 Unknown column 'b.fecha' in 'field list'
[02-Jul-2026 19:02:31 Europe/Berlin] AuditoriaController — PDOException: SQLSTATE[42S22]: Column not found: 1054 Unknown column 'b.fecha' in 'field list'
[02-Jul-2026 19:03:16 Europe/Berlin] AuditoriaController — PDOException: SQLSTATE[42S22]: Column not found: 1054 Unknown column 'b.fecha' in 'field list'
[07-Jul-2026 18:31:35 Europe/Berlin] Axe Security: plantilla fuera de directorio permitido: templates//layoutAdmin.php

[07-Jul-2026 18:31:38 Europe/Berlin] Axe Security: plantilla fuera de directorio permitido: templates//layoutAdmin.php

[07-Jul-2026 18:31:46 Europe/Berlin] Axe Security: plantilla fuera de directorio permitido: templates//layoutAdmin.php

[07-Jul-2026 18:31:53 Europe/Berlin] Axe Security: plantilla fuera de directorio permitido: templates//layoutAdmin.php

[07-Jul-2026 18:33:06 Europe/Berlin] Axe Security: plantilla fuera de directorio permitido: templates//layoutAdmin.php

[07-Jul-2026 18:34:31 Europe/Berlin] Axe Security: plantilla fuera de directorio permitido: templates//layoutAdmin.php

[07-Jul-2026 18:34:44 Europe/Berlin] Axe Security: plantilla fuera de directorio permitido: templates//layoutAdmin.php

[11-Jul-2026 04:41:16 Europe/Berlin] Axe Security: plantilla fuera de directorio permitido: templates/default.php.php
[11-Jul-2026 04:43:51 Europe/Berlin] Axe Security: plantilla fuera de directorio permitido: templates/default.php.php
[11-Jul-2026 04:52:43 Europe/Berlin] Axe Security: plantilla fuera de directorio permitido: templates/default.php.php
[11-Jul-2026 05:27:06 Europe/Berlin] Axe Security: plantilla fuera de directorio permitido: templates/default.php.php
[11-Jul-2026 18:16:44 Europe/Berlin] Axe Security: vista fuera de directorio permitido: views/nosotros_public.php
[11-Jul-2026 18:16:47 Europe/Berlin] Axe Security: vista fuera de directorio permitido: views/acerca-de_public.php
[11-Jul-2026 18:18:05 Europe/Berlin] PHP Warning:  require(C:\xampp\htdocs\Proyectos\Axe\config\rutas_cache.php): Failed to open stream: No such file or directory in C:\xampp\htdocs\Proyectos\Axe\public\index.php on line 42
[11-Jul-2026 18:18:05 Europe/Berlin] PHP Fatal error:  Uncaught Error: Failed opening required 'C:\xampp\htdocs\Proyectos\Axe/config/rutas_cache.php' (include_path='C:\xampp\php\PEAR') in C:\xampp\htdocs\Proyectos\Axe\public\index.php:42
Stack trace:
#0 {main}
  thrown in C:\xampp\htdocs\Proyectos\Axe\public\index.php on line 42
[11-Jul-2026 18:18:13 Europe/Berlin] PHP Warning:  require(C:\xampp\htdocs\Proyectos\Axe/config/rutas_cache.php): Failed to open stream: No such file or directory in C:\xampp\htdocs\Proyectos\Axe\public\index.php on line 42
[11-Jul-2026 18:18:13 Europe/Berlin] PHP Fatal error:  Uncaught Error: Failed opening required 'C:\xampp\htdocs\Proyectos\Axe/config/rutas_cache.php' (include_path='C:\xampp\php\PEAR') in C:\xampp\htdocs\Proyectos\Axe\public\index.php:42
Stack trace:
#0 {main}
  thrown in C:\xampp\htdocs\Proyectos\Axe\public\index.php on line 42
[11-Jul-2026 18:18:18 Europe/Berlin] PHP Warning:  require(C:\xampp\htdocs\Proyectos\Axe\config\rutas_cache.php): Failed to open stream: No such file or directory in C:\xampp\htdocs\Proyectos\Axe\public\index.php on line 42
[11-Jul-2026 18:18:18 Europe/Berlin] PHP Fatal error:  Uncaught Error: Failed opening required 'C:\xampp\htdocs\Proyectos\Axe/config/rutas_cache.php' (include_path='C:\xampp\php\PEAR') in C:\xampp\htdocs\Proyectos\Axe\public\index.php:42
Stack trace:
#0 {main}
  thrown in C:\xampp\htdocs\Proyectos\Axe\public\index.php on line 42
[11-Jul-2026 18:18:25 Europe/Berlin] PHP Warning:  require(C:\xampp\htdocs\Proyectos\Axe/config/rutas_cache.php): Failed to open stream: No such file or directory in C:\xampp\htdocs\Proyectos\Axe\public\index.php on line 42
[11-Jul-2026 18:18:25 Europe/Berlin] PHP Fatal error:  Uncaught Error: Failed opening required 'C:\xampp\htdocs\Proyectos\Axe/config/rutas_cache.php' (include_path='C:\xampp\php\PEAR') in C:\xampp\htdocs\Proyectos\Axe\public\index.php:42
Stack trace:
#0 {main}
  thrown in C:\xampp\htdocs\Proyectos\Axe\public\index.php on line 42
[11-Jul-2026 18:20:37 Europe/Berlin] Axe Security: vista fuera de directorio permitido: views/nosotros_public.php
[11-Jul-2026 18:23:45 Europe/Berlin] Axe Security: vista fuera de directorio permitido: views/nosotros_public.php
[11-Jul-2026 18:23:47 Europe/Berlin] Axe Security: vista fuera de directorio permitido: views/acerca-de_public.php
[11-Jul-2026 18:24:46 Europe/Berlin] Axe Security: vista fuera de directorio permitido: views/homePublic.php
[11-Jul-2026 18:24:50 Europe/Berlin] Axe Security: vista fuera de directorio permitido: views/nosotros_public.php
[11-Jul-2026 18:24:51 Europe/Berlin] Axe Security: vista fuera de directorio permitido: views/acerca-de_public.php
[11-Jul-2026 18:24:52 Europe/Berlin] Axe Security: vista fuera de directorio permitido: views/nosotros_public.php
[11-Jul-2026 18:24:53 Europe/Berlin] Axe Security: vista fuera de directorio permitido: views/homePublic.php
[11-Jul-2026 18:24:58 Europe/Berlin] Axe Security: vista fuera de directorio permitido: views/homePublic.php
[11-Jul-2026 18:26:26 Europe/Berlin] Axe Security: plantilla fuera de directorio permitido: templates/public/layout_public.php
[11-Jul-2026 19:01:01 Europe/Berlin] Axe Security: plantilla fuera de directorio permitido: ../templates/public/layout_public.php
[11-Jul-2026 19:03:49 Europe/Berlin] Axe Security: plantilla fuera de directorio permitido: /assets/css/public/layout_public.php
[11-Jul-2026 19:03:52 Europe/Berlin] Axe Security: plantilla fuera de directorio permitido: /assets/css/public/layout_public.php
[11-Jul-2026 19:05:15 Europe/Berlin] Axe Security: plantilla fuera de directorio permitido: /assets/css/public/layout_public.php
[11-Jul-2026 19:05:17 Europe/Berlin] Axe Security: plantilla fuera de directorio permitido: /assets/css/public/layout_public.php
[11-Jul-2026 19:05:45 Europe/Berlin] Axe Security: plantilla fuera de directorio permitido: ../templates/public/layout_public.php
[11-Jul-2026 19:06:15 Europe/Berlin] Axe Security: plantilla fuera de directorio permitido: ../templates/public/layout_public.php
[11-Jul-2026 20:11:03 Europe/Berlin] PHP Warning:  require(C:\xampp\htdocs\Proyectos\Axe\config\rutas_cache.php): Failed to open stream: No such file or directory in C:\xampp\htdocs\Proyectos\Axe\public\index.php on line 42
[11-Jul-2026 20:11:03 Europe/Berlin] PHP Fatal error:  Uncaught Error: Failed opening required 'C:\xampp\htdocs\Proyectos\Axe/config/rutas_cache.php' (include_path='C:\xampp\php\PEAR') in C:\xampp\htdocs\Proyectos\Axe\public\index.php:42
Stack trace:
#0 {main}
  thrown in C:\xampp\htdocs\Proyectos\Axe\public\index.php on line 42
[11-Jul-2026 20:11:06 Europe/Berlin] PHP Warning:  require(C:\xampp\htdocs\Proyectos\Axe\config\rutas_cache.php): Failed to open stream: No such file or directory in C:\xampp\htdocs\Proyectos\Axe\public\index.php on line 42
[11-Jul-2026 20:11:06 Europe/Berlin] PHP Fatal error:  Uncaught Error: Failed opening required 'C:\xampp\htdocs\Proyectos\Axe/config/rutas_cache.php' (include_path='C:\xampp\php\PEAR') in C:\xampp\htdocs\Proyectos\Axe\public\index.php:42
Stack trace:
#0 {main}
  thrown in C:\xampp\htdocs\Proyectos\Axe\public\index.php on line 42
[11-Jul-2026 20:18:56 Europe/Berlin] Axe Security: vista fuera de directorio permitido: views/public/inicio_public.php
[11-Jul-2026 20:19:21 Europe/Berlin] Axe Security: vista fuera de directorio permitido: views/public/inicio_public.php
[11-Jul-2026 20:21:48 Europe/Berlin] Axe Security: vista fuera de directorio permitido: views/public/inicio_public.php
[11-Jul-2026 20:21:57 Europe/Berlin] Axe Security: vista fuera de directorio permitido: views/public/inicio_public.php
[11-Jul-2026 20:22:00 Europe/Berlin] Axe Security: vista fuera de directorio permitido: views/public/inicio_public.php
[11-Jul-2026 20:22:05 Europe/Berlin] Axe Security: vista fuera de directorio permitido: views/public/inicio_public.php
[11-Jul-2026 20:27:58 Europe/Berlin] Axe Security: vista fuera de directorio permitido: views/public/inicio_public.php
[11-Jul-2026 20:28:09 Europe/Berlin] Axe Security: vista fuera de directorio permitido: views/public/inicio_public.php
[11-Jul-2026 20:28:42 Europe/Berlin] Axe Security: vista fuera de directorio permitido: views/public/inicio_public.php
[11-Jul-2026 20:29:34 Europe/Berlin] Axe Security: vista fuera de directorio permitido: views/public/inicio_public.php
[11-Jul-2026 20:29:43 Europe/Berlin] Axe Security: plantilla fuera de directorio permitido: templates/layout_public.php
[11-Jul-2026 20:30:58 Europe/Berlin] Axe Security: plantilla fuera de directorio permitido: templates/layout_public.php
[11-Jul-2026 20:31:32 Europe/Berlin] Axe Security: plantilla fuera de directorio permitido: templates/layout_public.php
[11-Jul-2026 14:40:23 America/Merida] Axe Security: vista fuera de directorio permitido: views/cobrar.php
[11-Jul-2026 14:51:35 America/Merida] Axe Security: vista fuera de directorio permitido: views/cobrar.php
